<?xml version="1.0" encoding="UTF-8"?>
<!-- Generated by org.testng.reporters.JUnitReportReporter -->
<testsuite hostname="LAP977PER" failures="0" tests="6" name="com.vspace.qa.TestCases.LoginTest" time="23.420" errors="0" timestamp="2024-02-29T13:13:40 IST" skipped="0">
  <testcase classname="com.vspace.qa.TestCases.LoginTest" name="TC005_chckblankpassword_LoginTest" time="2.885"/>
  <system-out/>
  <testcase classname="com.vspace.qa.TestCases.LoginTest" name="TC006_chckblankemailPassws_LoginTest" time="5.847"/>
  <system-out/>
  <testcase classname="com.vspace.qa.TestCases.LoginTest" name="TC004_chckblankemail_LoginTest" time="3.167"/>
  <system-out/>
  <testcase classname="com.vspace.qa.TestCases.LoginTest" name="TC002_chckInvldEmail_LoginTest" time="3.579"/>
  <system-out/>
  <testcase classname="com.vspace.qa.TestCases.LoginTest" name="TC001_chckvldcredential_LoginTest" time="4.633"/>
  <system-out/>
  <testcase classname="com.vspace.qa.TestCases.LoginTest" name="TC003_chckInvldPasswd_LoginTest" time="3.309"/>
  <system-out/>
</testsuite> <!-- com.vspace.qa.TestCases.LoginTest -->
