<?xml version="1.0" encoding="UTF-8"?>
<!-- Generated by org.testng.reporters.JUnitReportReporter -->
<testsuite hostname="DES320" failures="0" tests="1" name="com.vspace.qa.TestCases.reportTest" time="0.003" errors="0" timestamp="2024-02-23T11:43:50 IST" skipped="0">
  <testcase classname="com.vspace.qa.TestCases.reportTest" name="extentReportsDemo" time="0.003"/>
</testsuite> <!-- com.vspace.qa.TestCases.reportTest -->
