<?xml version="1.0" encoding="UTF-8"?>
<!-- Generated by org.testng.reporters.JUnitReportReporter -->
<testsuite hostname="LAP977PER" failures="0" tests="2" name="com.vspace.qa.TestCases.OpportunityListingTest" time="12.740" errors="0" timestamp="2024-03-04T15:29:04 IST" skipped="0">
  <testcase classname="com.vspace.qa.TestCases.OpportunityListingTest" name="TC008_oppListcountChck" time="6.774"/>
  <system-out/>
  <testcase classname="com.vspace.qa.TestCases.OpportunityListingTest" name="TC007_opportunityBtn_clcksuccess" time="5.966"/>
  <system-out/>
</testsuite> <!-- com.vspace.qa.TestCases.OpportunityListingTest -->
