<?xml version="1.0" encoding="UTF-8"?>
<!-- Generated by org.testng.reporters.JUnitReportReporter -->
<testsuite hostname="LAP977PER" failures="0" tests="6" name="com.vspace.qa.TestCases.LoginTest" time="21.647" errors="0" timestamp="2024-03-01T18:03:00 IST" skipped="0">
  <testcase classname="com.vspace.qa.TestCases.LoginTest" name="TC006_chckblankemailPassws_LoginTest" time="2.455"/>
  <system-out/>
  <testcase classname="com.vspace.qa.TestCases.LoginTest" name="TC002_chckInvldEmail_LoginTest" time="3.587"/>
  <system-out/>
  <testcase classname="com.vspace.qa.TestCases.LoginTest" name="TC003_chckInvldPasswd_LoginTest" time="3.048"/>
  <system-out/>
  <testcase classname="com.vspace.qa.TestCases.LoginTest" name="TC001_chckvldcredential_LoginTest" time="5.424"/>
  <system-out/>
  <testcase classname="com.vspace.qa.TestCases.LoginTest" name="TC004_chckblankemail_LoginTest" time="4.131"/>
  <system-out/>
  <testcase classname="com.vspace.qa.TestCases.LoginTest" name="TC005_chckblankpassword_LoginTest" time="3.002"/>
  <system-out/>
</testsuite> <!-- com.vspace.qa.TestCases.LoginTest -->
