<?xml version="1.0" encoding="UTF-8"?>
<!-- Generated by org.testng.reporters.JUnitReportReporter -->
<testsuite hostname="LAP977PER" failures="0" tests="2" name="com.vspace.qa.TestCases.OpportunityListingTest" time="12.991" errors="0" timestamp="2024-03-05T10:15:58 IST" skipped="0">
  <testcase classname="com.vspace.qa.TestCases.OpportunityListingTest" name="TC008_oppListcountChck" time="7.037"/>
  <system-out/>
  <testcase classname="com.vspace.qa.TestCases.OpportunityListingTest" name="TC007_opportunityBtn_clcksuccess" time="5.954"/>
  <system-out/>
</testsuite> <!-- com.vspace.qa.TestCases.OpportunityListingTest -->
