<?xml version="1.0" encoding="UTF-8"?>
<!-- Generated by org.testng.reporters.JUnitReportReporter -->
<testsuite hostname="LAP977PER" failures="0" tests="6" name="com.vspace.qa.TestCases.LoginTest" time="24.466" errors="0" timestamp="2024-03-04T15:29:04 IST" skipped="0">
  <testcase classname="com.vspace.qa.TestCases.LoginTest" name="TC006_chckblankemailPassws_LoginTest" time="2.946"/>
  <system-out/>
  <testcase classname="com.vspace.qa.TestCases.LoginTest" name="TC005_chckblankpassword_LoginTest" time="2.699"/>
  <system-out/>
  <testcase classname="com.vspace.qa.TestCases.LoginTest" name="TC004_chckblankemail_LoginTest" time="4.276"/>
  <system-out/>
  <testcase classname="com.vspace.qa.TestCases.LoginTest" name="TC003_chckInvldPasswd_LoginTest" time="3.512"/>
  <system-out/>
  <testcase classname="com.vspace.qa.TestCases.LoginTest" name="TC002_chckInvldEmail_LoginTest" time="3.999"/>
  <system-out/>
  <testcase classname="com.vspace.qa.TestCases.LoginTest" name="TC001_chckvldcredential_LoginTest" time="7.034"/>
  <system-out/>
</testsuite> <!-- com.vspace.qa.TestCases.LoginTest -->
