<?xml version="1.0" encoding="UTF-8"?>
<!-- Generated by org.testng.reporters.JUnitReportReporter -->
<testsuite hostname="DES320" failures="0" tests="6" name="com.vspace.qa.TestCases.LoginTest" time="11.563" errors="0" timestamp="2024-02-23T10:55:53 IST" skipped="0">
  <testcase classname="com.vspace.qa.TestCases.LoginTest" name="chckblankemailLoginTest" time="1.448"/>
  <testcase classname="com.vspace.qa.TestCases.LoginTest" name="chckInvldPasswdLoginTest" time="2.060"/>
  <testcase classname="com.vspace.qa.TestCases.LoginTest" name="chckblankpasswordLoginTest" time="1.486"/>
  <testcase classname="com.vspace.qa.TestCases.LoginTest" name="chckblankemailPasswsLoginTest" time="1.717"/>
  <testcase classname="com.vspace.qa.TestCases.LoginTest" name="chckvldcredentialLoginTest" time="3.022"/>
  <testcase classname="com.vspace.qa.TestCases.LoginTest" name="chckInvldEmailLoginTest" time="1.830"/>
</testsuite> <!-- com.vspace.qa.TestCases.LoginTest -->
