<?xml version="1.0" encoding="UTF-8"?>
<!-- Generated by org.testng.reporters.JUnitReportReporter -->
<testsuite hostname="LAP977PER" failures="0" tests="2" name="com.vspace.qa.TestCases.testing" time="54.979" errors="0" timestamp="2024-03-05T12:35:06 IST" skipped="0">
  <testcase classname="com.vspace.qa.TestCases.testing" name="TC001_chckvldcredential_LoginTest" time="4.966"/>
  <testcase classname="com.vspace.qa.TestCases.testing" name="TC002_chckInvldEmail_LoginTest" time="50.013"/>
</testsuite> <!-- com.vspace.qa.TestCases.testing -->
