<?xml version="1.0" encoding="UTF-8"?>
<!-- Generated by org.testng.reporters.JUnitReportReporter -->
<testsuite hostname="DES320" failures="0" tests="2" name="com.vspace.qa.TestCases.OpportunityListingTest" time="6.639" errors="0" timestamp="2024-02-23T10:55:53 IST" skipped="0">
  <testcase classname="com.vspace.qa.TestCases.OpportunityListingTest" name="opportunityBtn_clcksuccess" time="3.304"/>
  <testcase classname="com.vspace.qa.TestCases.OpportunityListingTest" name="oppListcountChck" time="3.335"/>
</testsuite> <!-- com.vspace.qa.TestCases.OpportunityListingTest -->
